07/05/2014 13:13:09 (Std) 	+-+-+-+-+-+-+-+-+-+-+-+-+-+-+-+-+-+-+-+-+-+-+-+-+-+-+-+-+-+-+-+-+-+-+-+-+-+-+-+
07/05/2014 13:13:09 (Std) 	+                     Crazy Eddie's GUI System - Event log                    +
07/05/2014 13:13:09 (Std) 	+                          (http://www.cegui.org.uk/)                         +
07/05/2014 13:13:09 (Std) 	+-+-+-+-+-+-+-+-+-+-+-+-+-+-+-+-+-+-+-+-+-+-+-+-+-+-+-+-+-+-+-+-+-+-+-+-+-+-+-+

07/05/2014 13:13:09 (Std) 	CEGUI::Logger singleton created. (0x26b8160)
07/05/2014 13:13:10 (Std) 	
07/05/2014 13:13:10 (Std) 	********************************************************************************
07/05/2014 13:13:10 (Std) 	* Important:                                                                   *
07/05/2014 13:13:10 (Std) 	*     To get support at the CEGUI forums, you must post _at least_ the section *
07/05/2014 13:13:10 (Std) 	*     of this log file indicated below.  Failure to do this will result in no  *
07/05/2014 13:13:10 (Std) 	*     support being given; please do not waste our time.                       *
07/05/2014 13:13:10 (Std) 	********************************************************************************
07/05/2014 13:13:10 (Std) 	********************************************************************************
07/05/2014 13:13:10 (Std) 	* -------- START OF ESSENTIAL SECTION TO BE POSTED ON THE FORUM       -------- *
07/05/2014 13:13:10 (Std) 	********************************************************************************
07/05/2014 13:13:10 (Std) 	---- Version 0.7.6 (Build: Feb 25 2013 GNU/Linux g++ 4.6.3 64 bit) ----
07/05/2014 13:13:10 (Std) 	---- Renderer module is: CEGUI::OgreRenderer - Official OGRE based 2nd generation renderer module. ----
07/05/2014 13:13:10 (Std) 	---- XML Parser module is: CEGUI::XercesParser - Official Xerces-C++ based parser module for CEGUI ----
07/05/2014 13:13:10 (Std) 	---- Image Codec module is: OgreImageCodec - Integrated ImageCodec using the Ogre engine. ----
07/05/2014 13:13:10 (Std) 	---- Scripting module is: None ----
07/05/2014 13:13:10 (Std) 	********************************************************************************
07/05/2014 13:13:10 (Std) 	* -------- END OF ESSENTIAL SECTION TO BE POSTED ON THE FORUM         -------- *
07/05/2014 13:13:10 (Std) 	********************************************************************************
07/05/2014 13:13:10 (Std) 	
07/05/2014 13:13:10 (Std) 	---- Begining CEGUI System initialisation ----
07/05/2014 13:13:10 (Std) 	CEGUI::ImagesetManager singleton created (0x2708e50)
07/05/2014 13:13:10 (Std) 	CEGUI::FontManager singleton created. (0x2671f70)
07/05/2014 13:13:10 (Std) 	CEGUI::WindowFactoryManager singleton created
07/05/2014 13:13:10 (Std) 	CEGUI::WindowManager singleton created (0x2684fa0)
07/05/2014 13:13:10 (Std) 	CEGUI::SchemeManager singleton created. (0x26cb810)
07/05/2014 13:13:10 (Std) 	CEGUI::MouseCursor singleton created. (0x2700d90)
07/05/2014 13:13:10 (Std) 	CEGUI::GlobalEventSet singleton created. (0x26128d0)
07/05/2014 13:13:10 (Std) 	CEGUI::AnimationManager singleton created (0x2683380)
07/05/2014 13:13:10 (Std) 	CEGUI::WidgetLookManager singleton created. (0x25e5760)
07/05/2014 13:13:10 (Std) 	CEGUI::WindowRendererManager singleton created (0x25f2c50)
07/05/2014 13:13:10 (Std) 	CEGUI::RenderEffectManager singleton created (0x26b5e00)
07/05/2014 13:13:10 (Std) 	Created WindowFactory for 'DefaultWindow' windows.
07/05/2014 13:13:10 (Std) 	WindowFactory for 'DefaultWindow' windows added. (0x265aa80)
07/05/2014 13:13:10 (Std) 	Created WindowFactory for 'DragContainer' windows.
07/05/2014 13:13:10 (Std) 	WindowFactory for 'DragContainer' windows added. (0x270c7e0)
07/05/2014 13:13:10 (Std) 	Created WindowFactory for 'ScrolledContainer' windows.
07/05/2014 13:13:10 (Std) 	WindowFactory for 'ScrolledContainer' windows added. (0x2670740)
07/05/2014 13:13:10 (Std) 	Created WindowFactory for 'ClippedContainer' windows.
07/05/2014 13:13:10 (Std) 	WindowFactory for 'ClippedContainer' windows added. (0x267dcf0)
07/05/2014 13:13:10 (Std) 	Created WindowFactory for 'CEGUI/Checkbox' windows.
07/05/2014 13:13:10 (Std) 	WindowFactory for 'CEGUI/Checkbox' windows added. (0x268aea0)
07/05/2014 13:13:10 (Std) 	Created WindowFactory for 'CEGUI/PushButton' windows.
07/05/2014 13:13:10 (Std) 	WindowFactory for 'CEGUI/PushButton' windows added. (0x267f900)
07/05/2014 13:13:10 (Std) 	Created WindowFactory for 'CEGUI/RadioButton' windows.
07/05/2014 13:13:10 (Std) 	WindowFactory for 'CEGUI/RadioButton' windows added. (0x26fc880)
07/05/2014 13:13:10 (Std) 	Created WindowFactory for 'CEGUI/Combobox' windows.
07/05/2014 13:13:10 (Std) 	WindowFactory for 'CEGUI/Combobox' windows added. (0x25f29d0)
07/05/2014 13:13:10 (Std) 	Created WindowFactory for 'CEGUI/ComboDropList' windows.
07/05/2014 13:13:10 (Std) 	WindowFactory for 'CEGUI/ComboDropList' windows added. (0x26855d0)
07/05/2014 13:13:10 (Std) 	Created WindowFactory for 'CEGUI/Editbox' windows.
07/05/2014 13:13:10 (Std) 	WindowFactory for 'CEGUI/Editbox' windows added. (0x268ea00)
07/05/2014 13:13:10 (Std) 	Created WindowFactory for 'CEGUI/FrameWindow' windows.
07/05/2014 13:13:10 (Std) 	WindowFactory for 'CEGUI/FrameWindow' windows added. (0x26bdbd0)
07/05/2014 13:13:10 (Std) 	Created WindowFactory for 'CEGUI/ItemEntry' windows.
07/05/2014 13:13:10 (Std) 	WindowFactory for 'CEGUI/ItemEntry' windows added. (0x270d950)
07/05/2014 13:13:10 (Std) 	Created WindowFactory for 'CEGUI/Listbox' windows.
07/05/2014 13:13:10 (Std) 	WindowFactory for 'CEGUI/Listbox' windows added. (0x2712af0)
07/05/2014 13:13:10 (Std) 	Created WindowFactory for 'CEGUI/ListHeader' windows.
07/05/2014 13:13:10 (Std) 	WindowFactory for 'CEGUI/ListHeader' windows added. (0x266c120)
07/05/2014 13:13:10 (Std) 	Created WindowFactory for 'CEGUI/ListHeaderSegment' windows.
07/05/2014 13:13:10 (Std) 	WindowFactory for 'CEGUI/ListHeaderSegment' windows added. (0x26fafb0)
07/05/2014 13:13:10 (Std) 	Created WindowFactory for 'CEGUI/Menubar' windows.
07/05/2014 13:13:10 (Std) 	WindowFactory for 'CEGUI/Menubar' windows added. (0x270ca80)
07/05/2014 13:13:10 (Std) 	Created WindowFactory for 'CEGUI/PopupMenu' windows.
07/05/2014 13:13:10 (Std) 	WindowFactory for 'CEGUI/PopupMenu' windows added. (0x26864b0)
07/05/2014 13:13:10 (Std) 	Created WindowFactory for 'CEGUI/MenuItem' windows.
07/05/2014 13:13:10 (Std) 	WindowFactory for 'CEGUI/MenuItem' windows added. (0x2671040)
07/05/2014 13:13:10 (Std) 	Created WindowFactory for 'CEGUI/MultiColumnList' windows.
07/05/2014 13:13:10 (Std) 	WindowFactory for 'CEGUI/MultiColumnList' windows added. (0x26c95e0)
07/05/2014 13:13:10 (Std) 	Created WindowFactory for 'CEGUI/MultiLineEditbox' windows.
07/05/2014 13:13:10 (Std) 	WindowFactory for 'CEGUI/MultiLineEditbox' windows added. (0x2624350)
07/05/2014 13:13:10 (Std) 	Created WindowFactory for 'CEGUI/ProgressBar' windows.
07/05/2014 13:13:10 (Std) 	WindowFactory for 'CEGUI/ProgressBar' windows added. (0x2707b40)
07/05/2014 13:13:10 (Std) 	Created WindowFactory for 'CEGUI/ScrollablePane' windows.
07/05/2014 13:13:10 (Std) 	WindowFactory for 'CEGUI/ScrollablePane' windows added. (0x2683bf0)
07/05/2014 13:13:10 (Std) 	Created WindowFactory for 'CEGUI/Scrollbar' windows.
07/05/2014 13:13:10 (Std) 	WindowFactory for 'CEGUI/Scrollbar' windows added. (0x270c3a0)
07/05/2014 13:13:10 (Std) 	Created WindowFactory for 'CEGUI/Slider' windows.
07/05/2014 13:13:10 (Std) 	WindowFactory for 'CEGUI/Slider' windows added. (0x268cfd0)
07/05/2014 13:13:10 (Std) 	Created WindowFactory for 'CEGUI/Spinner' windows.
07/05/2014 13:13:10 (Std) 	WindowFactory for 'CEGUI/Spinner' windows added. (0x2717e20)
07/05/2014 13:13:10 (Std) 	Created WindowFactory for 'CEGUI/TabButton' windows.
07/05/2014 13:13:10 (Std) 	WindowFactory for 'CEGUI/TabButton' windows added. (0x26d0700)
07/05/2014 13:13:10 (Std) 	Created WindowFactory for 'CEGUI/TabControl' windows.
07/05/2014 13:13:10 (Std) 	WindowFactory for 'CEGUI/TabControl' windows added. (0x27155a0)
07/05/2014 13:13:10 (Std) 	Created WindowFactory for 'CEGUI/Thumb' windows.
07/05/2014 13:13:10 (Std) 	WindowFactory for 'CEGUI/Thumb' windows added. (0x2623750)
07/05/2014 13:13:10 (Std) 	Created WindowFactory for 'CEGUI/Titlebar' windows.
07/05/2014 13:13:10 (Std) 	WindowFactory for 'CEGUI/Titlebar' windows added. (0x2677170)
07/05/2014 13:13:10 (Std) 	Created WindowFactory for 'CEGUI/Tooltip' windows.
07/05/2014 13:13:10 (Std) 	WindowFactory for 'CEGUI/Tooltip' windows added. (0x26c73e0)
07/05/2014 13:13:10 (Std) 	Created WindowFactory for 'CEGUI/ItemListbox' windows.
07/05/2014 13:13:10 (Std) 	WindowFactory for 'CEGUI/ItemListbox' windows added. (0x2714260)
07/05/2014 13:13:10 (Std) 	Created WindowFactory for 'CEGUI/GroupBox' windows.
07/05/2014 13:13:10 (Std) 	WindowFactory for 'CEGUI/GroupBox' windows added. (0x270f1f0)
07/05/2014 13:13:10 (Std) 	Created WindowFactory for 'CEGUI/Tree' windows.
07/05/2014 13:13:10 (Std) 	WindowFactory for 'CEGUI/Tree' windows added. (0x268ce70)
07/05/2014 13:13:10 (Std) 	Created WindowFactory for 'HorizontalLayoutContainer' windows.
07/05/2014 13:13:10 (Std) 	WindowFactory for 'HorizontalLayoutContainer' windows added. (0x2713640)
07/05/2014 13:13:10 (Std) 	Created WindowFactory for 'VerticalLayoutContainer' windows.
07/05/2014 13:13:10 (Std) 	WindowFactory for 'VerticalLayoutContainer' windows added. (0x268d130)
07/05/2014 13:13:10 (Std) 	Created WindowFactory for 'GridLayoutContainer' windows.
07/05/2014 13:13:10 (Std) 	WindowFactory for 'GridLayoutContainer' windows added. (0x270f980)
07/05/2014 13:13:10 (Std) 	Window type alias named 'DefaultGUISheet' added for window type 'DefaultWindow'.
07/05/2014 13:13:10 (Std) 	CEGUI::System singleton created. (0x26f9600)
07/05/2014 13:13:10 (Std) 	---- CEGUI System initialisation completed ----
07/05/2014 13:13:10 (Std) 	
07/05/2014 13:13:10 (Std) 	XercesParser::initialiseSchema - Attempting to load schema from file 'GUIScheme.xsd'.
07/05/2014 13:13:10 (Std) 	XercesParser::initialiseSchema - XML schema file 'GUIScheme.xsd' has been initialised.
07/05/2014 13:13:10 (Std) 	Started creation of Scheme from XML specification:
07/05/2014 13:13:10 (Std) 	---- CEGUI GUIScheme name: TaharezLook
07/05/2014 13:13:10 (Std) 	XercesParser::initialiseSchema - Attempting to load schema from file 'Imageset.xsd'.
07/05/2014 13:13:10 (Std) 	XercesParser::initialiseSchema - XML schema file 'Imageset.xsd' has been initialised.
07/05/2014 13:13:10 (Std) 	Started creation of Imageset from XML specification:
07/05/2014 13:13:10 (Std) 	---- CEGUI Imageset name: TaharezLook
07/05/2014 13:13:10 (Std) 	---- Source texture file: TaharezLook.tga in resource group: (Default)
07/05/2014 13:13:10 (Std) 	XercesParser::initialiseSchema - Attempting to load schema from file 'Font.xsd'.
07/05/2014 13:13:10 (Std) 	XercesParser::initialiseSchema - XML schema file 'Font.xsd' has been initialised.
07/05/2014 13:13:10 (Std) 	Started creation of Font from XML specification:
07/05/2014 13:13:10 (Std) 	---- CEGUI font name: DejaVuSans-10
07/05/2014 13:13:10 (Std) 	----       Font type: FreeType
07/05/2014 13:13:10 (Std) 	----     Source file: DejaVuSans.ttf in resource group: (Default)
07/05/2014 13:13:10 (Std) 	---- Real point size: 10
07/05/2014 13:13:10 (Std) 	XercesParser::initialiseSchema - Attempting to load schema from file 'Falagard.xsd'.
07/05/2014 13:13:10 (Std) 	XercesParser::initialiseSchema - XML schema file 'Falagard.xsd' has been initialised.
07/05/2014 13:13:10 (Std) 	===== Falagard 'root' element: look and feel parsing begins =====
07/05/2014 13:13:10 (Std) 	===== Look and feel parsing completed =====
07/05/2014 13:13:10 (Std) 	No window renderer factories specified for module 'CEGUIFalagardWRBase' - adding all available factories...
07/05/2014 13:13:10 (Std) 	Created WindowRendererFactory for 'Falagard/Button' WindowRenderers.
07/05/2014 13:13:10 (Std) 	WindowRendererFactory 'Falagard/Button' added. (0x26f6a50)
07/05/2014 13:13:10 (Std) 	Created WindowRendererFactory for 'Falagard/Default' WindowRenderers.
07/05/2014 13:13:10 (Std) 	WindowRendererFactory 'Falagard/Default' added. (0x26e9e70)
07/05/2014 13:13:10 (Std) 	Created WindowRendererFactory for 'Falagard/Editbox' WindowRenderers.
07/05/2014 13:13:10 (Std) 	WindowRendererFactory 'Falagard/Editbox' added. (0x26654e0)
07/05/2014 13:13:10 (Std) 	Created WindowRendererFactory for 'Falagard/FrameWindow' WindowRenderers.
07/05/2014 13:13:10 (Std) 	WindowRendererFactory 'Falagard/FrameWindow' added. (0x26b3da0)
07/05/2014 13:13:10 (Std) 	Created WindowRendererFactory for 'Falagard/ItemEntry' WindowRenderers.
07/05/2014 13:13:10 (Std) 	WindowRendererFactory 'Falagard/ItemEntry' added. (0x274b2e0)
07/05/2014 13:13:10 (Std) 	Created WindowRendererFactory for 'Falagard/ListHeader' WindowRenderers.
07/05/2014 13:13:10 (Std) 	WindowRendererFactory 'Falagard/ListHeader' added. (0x26e6ff0)
07/05/2014 13:13:10 (Std) 	Created WindowRendererFactory for 'Falagard/ListHeaderSegment' WindowRenderers.
07/05/2014 13:13:10 (Std) 	WindowRendererFactory 'Falagard/ListHeaderSegment' added. (0x26c83d0)
07/05/2014 13:13:10 (Std) 	Created WindowRendererFactory for 'Falagard/Listbox' WindowRenderers.
07/05/2014 13:13:10 (Std) 	WindowRendererFactory 'Falagard/Listbox' added. (0x26cd210)
07/05/2014 13:13:10 (Std) 	Created WindowRendererFactory for 'Falagard/Menubar' WindowRenderers.
07/05/2014 13:13:10 (Std) 	WindowRendererFactory 'Falagard/Menubar' added. (0x2624c50)
07/05/2014 13:13:10 (Std) 	Created WindowRendererFactory for 'Falagard/MenuItem' WindowRenderers.
07/05/2014 13:13:10 (Std) 	WindowRendererFactory 'Falagard/MenuItem' added. (0x268c710)
07/05/2014 13:13:10 (Std) 	Created WindowRendererFactory for 'Falagard/MultiColumnList' WindowRenderers.
07/05/2014 13:13:10 (Std) 	WindowRendererFactory 'Falagard/MultiColumnList' added. (0x26bcfd0)
07/05/2014 13:13:10 (Std) 	Created WindowRendererFactory for 'Falagard/MultiLineEditbox' WindowRenderers.
07/05/2014 13:13:10 (Std) 	WindowRendererFactory 'Falagard/MultiLineEditbox' added. (0x2701d80)
07/05/2014 13:13:10 (Std) 	Created WindowRendererFactory for 'Falagard/PopupMenu' WindowRenderers.
07/05/2014 13:13:10 (Std) 	WindowRendererFactory 'Falagard/PopupMenu' added. (0x2675700)
07/05/2014 13:13:10 (Std) 	Created WindowRendererFactory for 'Falagard/ProgressBar' WindowRenderers.
07/05/2014 13:13:10 (Std) 	WindowRendererFactory 'Falagard/ProgressBar' added. (0x2750bd0)
07/05/2014 13:13:10 (Std) 	Created WindowRendererFactory for 'Falagard/ScrollablePane' WindowRenderers.
07/05/2014 13:13:10 (Std) 	WindowRendererFactory 'Falagard/ScrollablePane' added. (0x2738c40)
07/05/2014 13:13:10 (Std) 	Created WindowRendererFactory for 'Falagard/Scrollbar' WindowRenderers.
07/05/2014 13:13:10 (Std) 	WindowRendererFactory 'Falagard/Scrollbar' added. (0x274e650)
07/05/2014 13:13:10 (Std) 	Created WindowRendererFactory for 'Falagard/Slider' WindowRenderers.
07/05/2014 13:13:10 (Std) 	WindowRendererFactory 'Falagard/Slider' added. (0x26bc5c0)
07/05/2014 13:13:10 (Std) 	Created WindowRendererFactory for 'Falagard/Static' WindowRenderers.
07/05/2014 13:13:10 (Std) 	WindowRendererFactory 'Falagard/Static' added. (0x29bcc30)
07/05/2014 13:13:10 (Std) 	Created WindowRendererFactory for 'Falagard/StaticImage' WindowRenderers.
07/05/2014 13:13:10 (Std) 	WindowRendererFactory 'Falagard/StaticImage' added. (0x2964010)
07/05/2014 13:13:10 (Std) 	Created WindowRendererFactory for 'Falagard/StaticText' WindowRenderers.
07/05/2014 13:13:10 (Std) 	WindowRendererFactory 'Falagard/StaticText' added. (0x26cbf70)
07/05/2014 13:13:10 (Std) 	Created WindowRendererFactory for 'Falagard/SystemButton' WindowRenderers.
07/05/2014 13:13:10 (Std) 	WindowRendererFactory 'Falagard/SystemButton' added. (0x274e9a0)
07/05/2014 13:13:10 (Std) 	Created WindowRendererFactory for 'Falagard/TabButton' WindowRenderers.
07/05/2014 13:13:10 (Std) 	WindowRendererFactory 'Falagard/TabButton' added. (0x268dfd0)
07/05/2014 13:13:10 (Std) 	Created WindowRendererFactory for 'Falagard/TabControl' WindowRenderers.
07/05/2014 13:13:10 (Std) 	WindowRendererFactory 'Falagard/TabControl' added. (0x26724f0)
07/05/2014 13:13:10 (Std) 	Created WindowRendererFactory for 'Falagard/Titlebar' WindowRenderers.
07/05/2014 13:13:10 (Std) 	WindowRendererFactory 'Falagard/Titlebar' added. (0x268d870)
07/05/2014 13:13:10 (Std) 	Created WindowRendererFactory for 'Falagard/ToggleButton' WindowRenderers.
07/05/2014 13:13:10 (Std) 	WindowRendererFactory 'Falagard/ToggleButton' added. (0x26be130)
07/05/2014 13:13:10 (Std) 	Created WindowRendererFactory for 'Falagard/Tooltip' WindowRenderers.
07/05/2014 13:13:10 (Std) 	WindowRendererFactory 'Falagard/Tooltip' added. (0x26d70c0)
07/05/2014 13:13:10 (Std) 	Created WindowRendererFactory for 'Falagard/ItemListbox' WindowRenderers.
07/05/2014 13:13:10 (Std) 	WindowRendererFactory 'Falagard/ItemListbox' added. (0x26c3c90)
07/05/2014 13:13:10 (Std) 	Created WindowRendererFactory for 'Falagard/Tree' WindowRenderers.
07/05/2014 13:13:10 (Std) 	WindowRendererFactory 'Falagard/Tree' added. (0x2679e30)
07/05/2014 13:13:10 (Std) 	Creating falagard mapping for type 'TaharezLook/Button' using base type 'CEGUI/PushButton', window renderer 'Falagard/Button' Look'N'Feel 'TaharezLook/Button' and RenderEffect ''. (0x7fff609c7120)
07/05/2014 13:13:10 (Std) 	Creating falagard mapping for type 'TaharezLook/Checkbox' using base type 'CEGUI/Checkbox', window renderer 'Falagard/ToggleButton' Look'N'Feel 'TaharezLook/Checkbox' and RenderEffect ''. (0x7fff609c7120)
07/05/2014 13:13:10 (Std) 	Creating falagard mapping for type 'TaharezLook/ImageButton' using base type 'CEGUI/PushButton', window renderer 'Falagard/Button' Look'N'Feel 'TaharezLook/ImageButton' and RenderEffect ''. (0x7fff609c7120)
07/05/2014 13:13:10 (Std) 	Creating falagard mapping for type 'TaharezLook/RadioButton' using base type 'CEGUI/RadioButton', window renderer 'Falagard/ToggleButton' Look'N'Feel 'TaharezLook/RadioButton' and RenderEffect ''. (0x7fff609c7120)
07/05/2014 13:13:10 (Std) 	Creating falagard mapping for type 'TaharezLook/FrameWindow' using base type 'CEGUI/FrameWindow', window renderer 'Falagard/FrameWindow' Look'N'Feel 'TaharezLook/FrameWindow' and RenderEffect ''. (0x7fff609c7120)
07/05/2014 13:13:10 (Std) 	Creating falagard mapping for type 'TaharezLook/Titlebar' using base type 'CEGUI/Titlebar', window renderer 'Falagard/Titlebar' Look'N'Feel 'TaharezLook/Titlebar' and RenderEffect ''. (0x7fff609c7120)
07/05/2014 13:13:10 (Std) 	Creating falagard mapping for type 'TaharezLook/SystemButton' using base type 'CEGUI/PushButton', window renderer 'Falagard/Button' Look'N'Feel 'TaharezLook/Button' and RenderEffect ''. (0x7fff609c7120)
07/05/2014 13:13:10 (Std) 	Creating falagard mapping for type 'TaharezLook/Editbox' using base type 'CEGUI/Editbox', window renderer 'Falagard/Editbox' Look'N'Feel 'TaharezLook/Editbox' and RenderEffect ''. (0x7fff609c7120)
07/05/2014 13:13:10 (Std) 	Creating falagard mapping for type 'TaharezLook/MultiLineEditbox' using base type 'CEGUI/MultiLineEditbox', window renderer 'Falagard/MultiLineEditbox' Look'N'Feel 'TaharezLook/MultiLineEditbox' and RenderEffect ''. (0x7fff609c7120)
07/05/2014 13:13:10 (Std) 	Creating falagard mapping for type 'TaharezLook/Menubar' using base type 'CEGUI/Menubar', window renderer 'Falagard/Menubar' Look'N'Feel 'TaharezLook/Menubar' and RenderEffect ''. (0x7fff609c7120)
07/05/2014 13:13:10 (Std) 	Creating falagard mapping for type 'TaharezLook/PopupMenu' using base type 'CEGUI/PopupMenu', window renderer 'Falagard/PopupMenu' Look'N'Feel 'TaharezLook/PopupMenu' and RenderEffect ''. (0x7fff609c7120)
07/05/2014 13:13:10 (Std) 	Creating falagard mapping for type 'TaharezLook/MenuItem' using base type 'CEGUI/MenuItem', window renderer 'Falagard/MenuItem' Look'N'Feel 'TaharezLook/MenuItem' and RenderEffect ''. (0x7fff609c7120)
07/05/2014 13:13:10 (Std) 	Creating falagard mapping for type 'TaharezLook/AlternateProgressBar' using base type 'CEGUI/ProgressBar', window renderer 'Falagard/ProgressBar' Look'N'Feel 'TaharezLook/AltProgressBar' and RenderEffect ''. (0x7fff609c7120)
07/05/2014 13:13:10 (Std) 	Creating falagard mapping for type 'TaharezLook/ProgressBar' using base type 'CEGUI/ProgressBar', window renderer 'Falagard/ProgressBar' Look'N'Feel 'TaharezLook/ProgressBar' and RenderEffect ''. (0x7fff609c7120)
07/05/2014 13:13:10 (Std) 	Creating falagard mapping for type 'TaharezLook/VUMeter' using base type 'CEGUI/ProgressBar', window renderer 'Falagard/ProgressBar' Look'N'Feel 'TaharezLook/VUMeter' and RenderEffect ''. (0x7fff609c7120)
07/05/2014 13:13:10 (Std) 	Creating falagard mapping for type 'TaharezLook/VerticalScrollbar' using base type 'CEGUI/Scrollbar', window renderer 'Falagard/Scrollbar' Look'N'Feel 'TaharezLook/VerticalScrollbar' and RenderEffect ''. (0x7fff609c7120)
07/05/2014 13:13:10 (Std) 	Creating falagard mapping for type 'TaharezLook/HorizontalScrollbar' using base type 'CEGUI/Scrollbar', window renderer 'Falagard/Scrollbar' Look'N'Feel 'TaharezLook/HorizontalScrollbar' and RenderEffect ''. (0x7fff609c7120)
07/05/2014 13:13:10 (Std) 	Creating falagard mapping for type 'TaharezLook/VerticalScrollbarThumb' using base type 'CEGUI/Thumb', window renderer 'Falagard/Button' Look'N'Feel 'TaharezLook/VerticalScrollbarThumb' and RenderEffect ''. (0x7fff609c7120)
07/05/2014 13:13:10 (Std) 	Creating falagard mapping for type 'TaharezLook/HorizontalScrollbarThumb' using base type 'CEGUI/Thumb', window renderer 'Falagard/Button' Look'N'Feel 'TaharezLook/HorizontalScrollbarThumb' and RenderEffect ''. (0x7fff609c7120)
07/05/2014 13:13:10 (Std) 	Creating falagard mapping for type 'TaharezLook/LargeVerticalScrollbar' using base type 'CEGUI/Scrollbar', window renderer 'Falagard/Scrollbar' Look'N'Feel 'TaharezLook/LargeVerticalScrollbar' and RenderEffect ''. (0x7fff609c7120)
07/05/2014 13:13:10 (Std) 	Creating falagard mapping for type 'TaharezLook/LargeVerticalScrollbarThumb' using base type 'CEGUI/Thumb', window renderer 'Falagard/Button' Look'N'Feel 'TaharezLook/LargeVerticalScrollbarThumb' and RenderEffect ''. (0x7fff609c7120)
07/05/2014 13:13:10 (Std) 	Creating falagard mapping for type 'TaharezLook/TabButton' using base type 'CEGUI/TabButton', window renderer 'Falagard/TabButton' Look'N'Feel 'TaharezLook/TabButton' and RenderEffect ''. (0x7fff609c7120)
07/05/2014 13:13:10 (Std) 	Creating falagard mapping for type 'TaharezLook/TabControl' using base type 'CEGUI/TabControl', window renderer 'Falagard/TabControl' Look'N'Feel 'TaharezLook/TabControl' and RenderEffect ''. (0x7fff609c7120)
07/05/2014 13:13:10 (Std) 	Creating falagard mapping for type 'TaharezLook/TabContentPane' using base type 'DefaultWindow', window renderer 'Falagard/Default' Look'N'Feel 'TaharezLook/TabContentPane' and RenderEffect ''. (0x7fff609c7120)
07/05/2014 13:13:10 (Std) 	Creating falagard mapping for type 'TaharezLook/TabButtonPane' using base type 'DefaultWindow', window renderer 'Falagard/Default' Look'N'Feel 'TaharezLook/TabButtonPane' and RenderEffect ''. (0x7fff609c7120)
07/05/2014 13:13:10 (Std) 	Creating falagard mapping for type 'TaharezLook/ComboDropList' using base type 'CEGUI/ComboDropList', window renderer 'Falagard/Listbox' Look'N'Feel 'TaharezLook/ComboDropList' and RenderEffect ''. (0x7fff609c7120)
07/05/2014 13:13:10 (Std) 	Creating falagard mapping for type 'TaharezLook/ComboEditbox' using base type 'CEGUI/Editbox', window renderer 'Falagard/Editbox' Look'N'Feel 'TaharezLook/ComboEditbox' and RenderEffect ''. (0x7fff609c7120)
07/05/2014 13:13:10 (Std) 	Creating falagard mapping for type 'TaharezLook/Combobox' using base type 'CEGUI/Combobox', window renderer 'Falagard/Default' Look'N'Feel 'TaharezLook/Combobox' and RenderEffect ''. (0x7fff609c7120)
07/05/2014 13:13:10 (Std) 	Creating falagard mapping for type 'TaharezLook/Listbox' using base type 'CEGUI/Listbox', window renderer 'Falagard/Listbox' Look'N'Feel 'TaharezLook/Listbox' and RenderEffect ''. (0x7fff609c7120)
07/05/2014 13:13:10 (Std) 	Creating falagard mapping for type 'TaharezLook/ListHeader' using base type 'CEGUI/ListHeader', window renderer 'Falagard/ListHeader' Look'N'Feel 'TaharezLook/ListHeader' and RenderEffect ''. (0x7fff609c7120)
07/05/2014 13:13:10 (Std) 	Creating falagard mapping for type 'TaharezLook/ListHeaderSegment' using base type 'CEGUI/ListHeaderSegment', window renderer 'Falagard/ListHeaderSegment' Look'N'Feel 'TaharezLook/ListHeaderSegment' and RenderEffect ''. (0x7fff609c7120)
07/05/2014 13:13:10 (Std) 	Creating falagard mapping for type 'TaharezLook/MultiColumnList' using base type 'CEGUI/MultiColumnList', window renderer 'Falagard/MultiColumnList' Look'N'Feel 'TaharezLook/MultiColumnList' and RenderEffect ''. (0x7fff609c7120)
07/05/2014 13:13:10 (Std) 	Creating falagard mapping for type 'TaharezLook/Slider' using base type 'CEGUI/Slider', window renderer 'Falagard/Slider' Look'N'Feel 'TaharezLook/Slider' and RenderEffect ''. (0x7fff609c7120)
07/05/2014 13:13:10 (Std) 	Creating falagard mapping for type 'TaharezLook/SliderThumb' using base type 'CEGUI/Thumb', window renderer 'Falagard/Button' Look'N'Feel 'TaharezLook/SliderThumb' and RenderEffect ''. (0x7fff609c7120)
07/05/2014 13:13:10 (Std) 	Creating falagard mapping for type 'TaharezLook/ScrollablePane' using base type 'CEGUI/ScrollablePane', window renderer 'Falagard/ScrollablePane' Look'N'Feel 'TaharezLook/ScrollablePane' and RenderEffect ''. (0x7fff609c7120)
07/05/2014 13:13:10 (Std) 	Creating falagard mapping for type 'TaharezLook/Spinner' using base type 'CEGUI/Spinner', window renderer 'Falagard/Default' Look'N'Feel 'TaharezLook/Spinner' and RenderEffect ''. (0x7fff609c7120)
07/05/2014 13:13:10 (Std) 	Creating falagard mapping for type 'TaharezLook/Tooltip' using base type 'CEGUI/Tooltip', window renderer 'Falagard/Tooltip' Look'N'Feel 'TaharezLook/Tooltip' and RenderEffect ''. (0x7fff609c7120)
07/05/2014 13:13:10 (Std) 	Creating falagard mapping for type 'TaharezLook/StaticImage' using base type 'DefaultWindow', window renderer 'Falagard/StaticImage' Look'N'Feel 'TaharezLook/StaticImage' and RenderEffect ''. (0x7fff609c7120)
07/05/2014 13:13:10 (Std) 	Creating falagard mapping for type 'TaharezLook/StaticText' using base type 'DefaultWindow', window renderer 'Falagard/StaticText' Look'N'Feel 'TaharezLook/StaticText' and RenderEffect ''. (0x7fff609c7120)
07/05/2014 13:13:10 (Std) 	Creating falagard mapping for type 'TaharezLook/ItemListbox' using base type 'CEGUI/ItemListbox', window renderer 'Falagard/ItemListbox' Look'N'Feel 'TaharezLook/ItemListbox' and RenderEffect ''. (0x7fff609c7120)
07/05/2014 13:13:10 (Std) 	Creating falagard mapping for type 'TaharezLook/ListboxItem' using base type 'CEGUI/ItemEntry', window renderer 'Falagard/ItemEntry' Look'N'Feel 'TaharezLook/ListboxItem' and RenderEffect ''. (0x7fff609c7120)
07/05/2014 13:13:10 (Std) 	Creating falagard mapping for type 'TaharezLook/GroupBox' using base type 'CEGUI/GroupBox', window renderer 'Falagard/Default' Look'N'Feel 'TaharezLook/GroupBox' and RenderEffect ''. (0x7fff609c7120)
07/05/2014 13:13:10 (Std) 	Creating falagard mapping for type 'TaharezLook/Tree' using base type 'CEGUI/Tree', window renderer 'Falagard/Tree' Look'N'Feel 'TaharezLook/Tree' and RenderEffect ''. (0x7fff609c7120)
07/05/2014 13:13:10 (Std) 	Attempting to create Imageset 'DejaVuSans-10_auto_glyph_images_ ' with texture only.
