This file contains any messages produced by compilers while
running configure, to aid debugging if configure makes a mistake.

It was created by configure, which was
generated by GNU Autoconf 2.68.  Invocation command line was

  $ ./configure 

## --------- ##
## Platform. ##
## --------- ##

hostname = undead-elbow-macaroni
uname -m = x86_64
uname -r = 3.2.0-59-generic
uname -s = Linux
uname -v = #90-Ubuntu SMP Tue Jan 7 22:43:51 UTC 2014

/usr/bin/uname -p = unknown
/bin/uname -X     = unknown

/bin/arch              = unknown
/usr/bin/arch -k       = unknown
/usr/convex/getsysinfo = unknown
/usr/bin/hostinfo      = unknown
/bin/machine           = unknown
/usr/bin/oslevel       = unknown
/bin/universe          = unknown

PATH: /lusr/opt/pintos/
PATH: /lusr/opt/bochs-2.2.6-pintos/bin/
PATH: /lusr/opt/qemu-1.1.1/
PATH: /usr/local/sbin
PATH: /usr/local/bin
PATH: /usr/sbin
PATH: /usr/bin
PATH: /sbin
PATH: /bin
PATH: /usr/games
PATH: /usr/local/bin/tex


## ----------- ##
## Core tests. ##
## ----------- ##

configure:2304: checking for a BSD-compatible install
configure:2372: result: /usr/bin/install -c
configure:2383: checking whether build environment is sane
configure:2433: result: yes
configure:2574: checking for a thread-safe mkdir -p
configure:2613: result: /bin/mkdir -p
configure:2626: checking for gawk
configure:2642: found /usr/bin/gawk
configure:2653: result: gawk
configure:2664: checking whether make sets $(MAKE)
configure:2686: result: yes
configure:2833: checking for g++
configure:2849: found /usr/bin/g++
configure:2860: result: g++
configure:2887: checking for C++ compiler version
configure:2896: g++ --version >&5
g++ (Ubuntu/Linaro 4.6.3-1ubuntu5) 4.6.3
Copyright (C) 2011 Free Software Foundation, Inc.
This is free software; see the source for copying conditions.  There is NO
warranty; not even for MERCHANTABILITY or FITNESS FOR A PARTICULAR PURPOSE.

configure:2907: $? = 0
configure:2896: g++ -v >&5
Using built-in specs.
COLLECT_GCC=g++
COLLECT_LTO_WRAPPER=/usr/lib/gcc/x86_64-linux-gnu/4.6/lto-wrapper
Target: x86_64-linux-gnu
Configured with: ../src/configure -v --with-pkgversion='Ubuntu/Linaro 4.6.3-1ubuntu5' --with-bugurl=file:///usr/share/doc/gcc-4.6/README.Bugs --enable-languages=c,c++,fortran,objc,obj-c++ --prefix=/usr --program-suffix=-4.6 --enable-shared --enable-linker-build-id --with-system-zlib --libexecdir=/usr/lib --without-included-gettext --enable-threads=posix --with-gxx-include-dir=/usr/include/c++/4.6 --libdir=/usr/lib --enable-nls --with-sysroot=/ --enable-clocale=gnu --enable-libstdcxx-debug --enable-libstdcxx-time=yes --enable-gnu-unique-object --enable-plugin --enable-objc-gc --disable-werror --with-arch-32=i686 --with-tune=generic --enable-checking=release --build=x86_64-linux-gnu --host=x86_64-linux-gnu --target=x86_64-linux-gnu
Thread model: posix
gcc version 4.6.3 (Ubuntu/Linaro 4.6.3-1ubuntu5) 
configure:2907: $? = 0
configure:2896: g++ -V >&5
g++: error: unrecognized option '-V'
g++: fatal error: no input files
compilation terminated.
configure:2907: $? = 4
configure:2896: g++ -qversion >&5
g++: error: unrecognized option '-qversion'
g++: fatal error: no input files
compilation terminated.
configure:2907: $? = 4
configure:2927: checking whether the C++ compiler works
configure:2949: g++    conftest.cpp  >&5
configure:2953: $? = 0
configure:3001: result: yes
configure:3004: checking for C++ compiler default output file name
configure:3006: result: a.out
configure:3012: checking for suffix of executables
configure:3019: g++ -o conftest    conftest.cpp  >&5
configure:3023: $? = 0
configure:3045: result: 
configure:3067: checking whether we are cross compiling
configure:3075: g++ -o conftest    conftest.cpp  >&5
configure:3079: $? = 0
configure:3086: ./conftest
configure:3090: $? = 0
configure:3105: result: no
configure:3110: checking for suffix of object files
configure:3132: g++ -c   conftest.cpp >&5
configure:3136: $? = 0
configure:3157: result: o
configure:3161: checking whether we are using the GNU C++ compiler
configure:3180: g++ -c   conftest.cpp >&5
configure:3180: $? = 0
configure:3189: result: yes
configure:3198: checking whether g++ accepts -g
configure:3218: g++ -c -g  conftest.cpp >&5
configure:3218: $? = 0
configure:3259: result: yes
configure:3293: checking for style of include used by make
configure:3321: result: GNU
configure:3347: checking dependency style of g++
configure:3458: result: gcc3
configure:3502: checking build system type
configure:3516: result: x86_64-unknown-linux-gnu
configure:3536: checking host system type
configure:3549: result: x86_64-unknown-linux-gnu
configure:3590: checking how to print strings
configure:3617: result: printf
configure:3686: checking for gcc
configure:3702: found /usr/bin/gcc
configure:3713: result: gcc
configure:3942: checking for C compiler version
configure:3951: gcc --version >&5
gcc (Ubuntu/Linaro 4.6.3-1ubuntu5) 4.6.3
Copyright (C) 2011 Free Software Foundation, Inc.
This is free software; see the source for copying conditions.  There is NO
warranty; not even for MERCHANTABILITY or FITNESS FOR A PARTICULAR PURPOSE.

configure:3962: $? = 0
configure:3951: gcc -v >&5
Using built-in specs.
COLLECT_GCC=gcc
COLLECT_LTO_WRAPPER=/usr/lib/gcc/x86_64-linux-gnu/4.6/lto-wrapper
Target: x86_64-linux-gnu
Configured with: ../src/configure -v --with-pkgversion='Ubuntu/Linaro 4.6.3-1ubuntu5' --with-bugurl=file:///usr/share/doc/gcc-4.6/README.Bugs --enable-languages=c,c++,fortran,objc,obj-c++ --prefix=/usr --program-suffix=-4.6 --enable-shared --enable-linker-build-id --with-system-zlib --libexecdir=/usr/lib --without-included-gettext --enable-threads=posix --with-gxx-include-dir=/usr/include/c++/4.6 --libdir=/usr/lib --enable-nls --with-sysroot=/ --enable-clocale=gnu --enable-libstdcxx-debug --enable-libstdcxx-time=yes --enable-gnu-unique-object --enable-plugin --enable-objc-gc --disable-werror --with-arch-32=i686 --with-tune=generic --enable-checking=release --build=x86_64-linux-gnu --host=x86_64-linux-gnu --target=x86_64-linux-gnu
Thread model: posix
gcc version 4.6.3 (Ubuntu/Linaro 4.6.3-1ubuntu5) 
configure:3962: $? = 0
configure:3951: gcc -V >&5
gcc: error: unrecognized option '-V'
gcc: fatal error: no input files
compilation terminated.
configure:3962: $? = 4
configure:3951: gcc -qversion >&5
gcc: error: unrecognized option '-qversion'
gcc: fatal error: no input files
compilation terminated.
configure:3962: $? = 4
configure:3966: checking whether we are using the GNU C compiler
configure:3985: gcc -c   conftest.c >&5
configure:3985: $? = 0
configure:3994: result: yes
configure:4003: checking whether gcc accepts -g
configure:4023: gcc -c -g  conftest.c >&5
configure:4023: $? = 0
configure:4064: result: yes
configure:4081: checking for gcc option to accept ISO C89
configure:4145: gcc  -c -g -O2  conftest.c >&5
configure:4145: $? = 0
configure:4158: result: none needed
configure:4180: checking dependency style of gcc
configure:4291: result: gcc3
configure:4306: checking for a sed that does not truncate output
configure:4370: result: /bin/sed
configure:4388: checking for grep that handles long lines and -e
configure:4446: result: /bin/grep
configure:4451: checking for egrep
configure:4513: result: /bin/grep -E
configure:4518: checking for fgrep
configure:4580: result: /bin/grep -F
configure:4615: checking for ld used by gcc
configure:4682: result: /usr/bin/ld
configure:4689: checking if the linker (/usr/bin/ld) is GNU ld
configure:4704: result: yes
configure:4716: checking for BSD- or MS-compatible name lister (nm)
configure:4765: result: /usr/bin/nm -B
configure:4895: checking the name lister (/usr/bin/nm -B) interface
configure:4902: g++ -c -g -O2  conftest.cpp >&5
configure:4905: /usr/bin/nm -B "conftest.o"
configure:4908: output
0000000000000000 B some_variable
configure:4915: result: BSD nm
configure:4918: checking whether ln -s works
configure:4922: result: yes
configure:4930: checking the maximum length of command line arguments
configure:5060: result: 1572864
configure:5077: checking whether the shell understands some XSI constructs
configure:5087: result: yes
configure:5091: checking whether the shell understands "+="
configure:5097: result: yes
configure:5132: checking how to convert x86_64-unknown-linux-gnu file names to x86_64-unknown-linux-gnu format
configure:5172: result: func_convert_file_noop
configure:5179: checking how to convert x86_64-unknown-linux-gnu file names to toolchain format
configure:5199: result: func_convert_file_noop
configure:5206: checking for /usr/bin/ld option to reload object files
configure:5213: result: -r
configure:5287: checking for objdump
configure:5303: found /usr/bin/objdump
configure:5314: result: objdump
configure:5346: checking how to recognize dependent libraries
configure:5548: result: pass_all
configure:5633: checking for dlltool
configure:5663: result: no
configure:5693: checking how to associate runtime and link libraries
configure:5720: result: printf %s\n
configure:5781: checking for ar
configure:5797: found /usr/bin/ar
configure:5808: result: ar
configure:5845: checking for archiver @FILE support
configure:5862: g++ -c -g -O2  conftest.cpp >&5
configure:5862: $? = 0
configure:5865: ar cru libconftest.a @conftest.lst >&5
configure:5868: $? = 0
configure:5873: ar cru libconftest.a @conftest.lst >&5
ar: conftest.o: No such file or directory
configure:5876: $? = 1
configure:5888: result: @
configure:5946: checking for strip
configure:5962: found /usr/bin/strip
configure:5973: result: strip
configure:6045: checking for ranlib
configure:6061: found /usr/bin/ranlib
configure:6072: result: ranlib
configure:6174: checking command to parse /usr/bin/nm -B output from gcc object
configure:6294: g++ -c -g -O2  conftest.cpp >&5
configure:6297: $? = 0
configure:6301: /usr/bin/nm -B conftest.o \| sed -n -e 's/^.*[ ]\([ABCDGIRSTW][ABCDGIRSTW]*\)[ ][ ]*\([_A-Za-z][_A-Za-z0-9]*\)$/\1 \2 \2/p' | sed '/ __gnu_lto/d' \> conftest.nm
configure:6304: $? = 0
configure:6370: g++ -o conftest -g -O2   conftest.cpp conftstm.o >&5
configure:6373: $? = 0
configure:6411: result: ok
configure:6448: checking for sysroot
configure:6478: result: no
configure:6556: g++ -c -g -O2  conftest.cpp >&5
configure:6559: $? = 0
configure:6735: checking for mt
configure:6751: found /bin/mt
configure:6762: result: mt
configure:6785: checking if mt is a manifest tool
configure:6791: mt '-?'
configure:6799: result: no
configure:7441: checking how to run the C preprocessor
configure:7472: gcc -E  conftest.c
configure:7472: $? = 0
configure:7486: gcc -E  conftest.c
conftest.c:11:28: fatal error: ac_nonexistent.h: No such file or directory
compilation terminated.
configure:7486: $? = 1
configure: failed program was:
| /* confdefs.h */
| #define PACKAGE_NAME ""
| #define PACKAGE_TARNAME ""
| #define PACKAGE_VERSION ""
| #define PACKAGE_STRING ""
| #define PACKAGE_BUGREPORT ""
| #define PACKAGE_URL ""
| #define PACKAGE "SampleApp"
| #define VERSION "0.1"
| /* end confdefs.h.  */
| #include <ac_nonexistent.h>
configure:7511: result: gcc -E
configure:7531: gcc -E  conftest.c
configure:7531: $? = 0
configure:7545: gcc -E  conftest.c
conftest.c:11:28: fatal error: ac_nonexistent.h: No such file or directory
compilation terminated.
configure:7545: $? = 1
configure: failed program was:
| /* confdefs.h */
| #define PACKAGE_NAME ""
| #define PACKAGE_TARNAME ""
| #define PACKAGE_VERSION ""
| #define PACKAGE_STRING ""
| #define PACKAGE_BUGREPORT ""
| #define PACKAGE_URL ""
| #define PACKAGE "SampleApp"
| #define VERSION "0.1"
| /* end confdefs.h.  */
| #include <ac_nonexistent.h>
configure:7574: checking for ANSI C header files
configure:7594: gcc -c -g -O2  conftest.c >&5
configure:7594: $? = 0
configure:7667: gcc -o conftest -g -O2   conftest.c  >&5
configure:7667: $? = 0
configure:7667: ./conftest
configure:7667: $? = 0
configure:7678: result: yes
configure:7691: checking for sys/types.h
configure:7691: gcc -c -g -O2  conftest.c >&5
configure:7691: $? = 0
configure:7691: result: yes
configure:7691: checking for sys/stat.h
configure:7691: gcc -c -g -O2  conftest.c >&5
configure:7691: $? = 0
configure:7691: result: yes
configure:7691: checking for stdlib.h
configure:7691: gcc -c -g -O2  conftest.c >&5
configure:7691: $? = 0
configure:7691: result: yes
configure:7691: checking for string.h
configure:7691: gcc -c -g -O2  conftest.c >&5
configure:7691: $? = 0
configure:7691: result: yes
configure:7691: checking for memory.h
configure:7691: gcc -c -g -O2  conftest.c >&5
configure:7691: $? = 0
configure:7691: result: yes
configure:7691: checking for strings.h
configure:7691: gcc -c -g -O2  conftest.c >&5
configure:7691: $? = 0
configure:7691: result: yes
configure:7691: checking for inttypes.h
configure:7691: gcc -c -g -O2  conftest.c >&5
configure:7691: $? = 0
configure:7691: result: yes
configure:7691: checking for stdint.h
configure:7691: gcc -c -g -O2  conftest.c >&5
configure:7691: $? = 0
configure:7691: result: yes
configure:7691: checking for unistd.h
configure:7691: gcc -c -g -O2  conftest.c >&5
configure:7691: $? = 0
configure:7691: result: yes
configure:7705: checking for dlfcn.h
configure:7705: gcc -c -g -O2  conftest.c >&5
configure:7705: $? = 0
configure:7705: result: yes
configure:7921: checking for objdir
configure:7936: result: .libs
configure:8203: checking if gcc supports -fno-rtti -fno-exceptions
configure:8221: gcc -c -g -O2  -fno-rtti -fno-exceptions conftest.c >&5
cc1: warning: command line option '-fno-rtti' is valid for C++/ObjC++ but not for C [enabled by default]
configure:8225: $? = 0
configure:8238: result: no
configure:8565: checking for gcc option to produce PIC
configure:8572: result: -fPIC -DPIC
configure:8580: checking if gcc PIC flag -fPIC -DPIC works
configure:8598: gcc -c -g -O2  -fPIC -DPIC -DPIC conftest.c >&5
configure:8602: $? = 0
configure:8615: result: yes
configure:8644: checking if gcc static flag -static works
configure:8672: result: yes
configure:8687: checking if gcc supports -c -o file.o
configure:8708: gcc -c -g -O2  -o out/conftest2.o conftest.c >&5
configure:8712: $? = 0
configure:8734: result: yes
configure:8742: checking if gcc supports -c -o file.o
configure:8789: result: yes
configure:8822: checking whether the gcc linker (/usr/bin/ld -m elf_x86_64) supports shared libraries
configure:9979: result: yes
configure:10016: checking whether -lc should be explicitly linked in
configure:10024: gcc -c -g -O2  conftest.c >&5
configure:10027: $? = 0
configure:10042: gcc -shared  -fPIC -DPIC conftest.o  -v -Wl,-soname -Wl,conftest -o conftest 2\>\&1 \| /bin/grep  -lc  \>/dev/null 2\>\&1
configure:10045: $? = 0
configure:10059: result: no
configure:10219: checking dynamic linker characteristics
configure:10730: gcc -o conftest -g -O2   -Wl,-rpath -Wl,/foo conftest.c  >&5
configure:10730: $? = 0
configure:10964: result: GNU/Linux ld.so
configure:11071: checking how to hardcode library paths into programs
configure:11096: result: immediate
configure:11636: checking whether stripping libraries is possible
configure:11641: result: yes
configure:11676: checking if libtool supports shared libraries
configure:11678: result: yes
configure:11681: checking whether to build shared libraries
configure:11702: result: yes
configure:11705: checking whether to build static libraries
configure:11709: result: yes
configure:11732: checking how to run the C++ preprocessor
configure:11759: g++ -E  conftest.cpp
configure:11759: $? = 0
configure:11773: g++ -E  conftest.cpp
conftest.cpp:23:28: fatal error: ac_nonexistent.h: No such file or directory
compilation terminated.
configure:11773: $? = 1
configure: failed program was:
| /* confdefs.h */
| #define PACKAGE_NAME ""
| #define PACKAGE_TARNAME ""
| #define PACKAGE_VERSION ""
| #define PACKAGE_STRING ""
| #define PACKAGE_BUGREPORT ""
| #define PACKAGE_URL ""
| #define PACKAGE "SampleApp"
| #define VERSION "0.1"
| #define STDC_HEADERS 1
| #define HAVE_SYS_TYPES_H 1
| #define HAVE_SYS_STAT_H 1
| #define HAVE_STDLIB_H 1
| #define HAVE_STRING_H 1
| #define HAVE_MEMORY_H 1
| #define HAVE_STRINGS_H 1
| #define HAVE_INTTYPES_H 1
| #define HAVE_STDINT_H 1
| #define HAVE_UNISTD_H 1
| #define HAVE_DLFCN_H 1
| #define LT_OBJDIR ".libs/"
| /* end confdefs.h.  */
| #include <ac_nonexistent.h>
configure:11798: result: g++ -E
configure:11818: g++ -E  conftest.cpp
configure:11818: $? = 0
configure:11832: g++ -E  conftest.cpp
conftest.cpp:23:28: fatal error: ac_nonexistent.h: No such file or directory
compilation terminated.
configure:11832: $? = 1
configure: failed program was:
| /* confdefs.h */
| #define PACKAGE_NAME ""
| #define PACKAGE_TARNAME ""
| #define PACKAGE_VERSION ""
| #define PACKAGE_STRING ""
| #define PACKAGE_BUGREPORT ""
| #define PACKAGE_URL ""
| #define PACKAGE "SampleApp"
| #define VERSION "0.1"
| #define STDC_HEADERS 1
| #define HAVE_SYS_TYPES_H 1
| #define HAVE_SYS_STAT_H 1
| #define HAVE_STDLIB_H 1
| #define HAVE_STRING_H 1
| #define HAVE_MEMORY_H 1
| #define HAVE_STRINGS_H 1
| #define HAVE_INTTYPES_H 1
| #define HAVE_STDINT_H 1
| #define HAVE_UNISTD_H 1
| #define HAVE_DLFCN_H 1
| #define LT_OBJDIR ".libs/"
| /* end confdefs.h.  */
| #include <ac_nonexistent.h>
configure:12001: checking for ld used by g++
configure:12068: result: /usr/bin/ld -m elf_x86_64
configure:12075: checking if the linker (/usr/bin/ld -m elf_x86_64) is GNU ld
configure:12090: result: yes
configure:12145: checking whether the g++ linker (/usr/bin/ld -m elf_x86_64) supports shared libraries
configure:13150: result: yes
configure:13186: g++ -c -g -O2  conftest.cpp >&5
configure:13189: $? = 0
configure:13709: checking for g++ option to produce PIC
configure:13716: result: -fPIC -DPIC
configure:13724: checking if g++ PIC flag -fPIC -DPIC works
configure:13742: g++ -c -g -O2  -fPIC -DPIC -DPIC conftest.cpp >&5
configure:13746: $? = 0
configure:13759: result: yes
configure:13782: checking if g++ static flag -static works
configure:13810: result: yes
configure:13822: checking if g++ supports -c -o file.o
configure:13843: g++ -c -g -O2  -o out/conftest2.o conftest.cpp >&5
configure:13847: $? = 0
configure:13869: result: yes
configure:13874: checking if g++ supports -c -o file.o
configure:13921: result: yes
configure:13951: checking whether the g++ linker (/usr/bin/ld -m elf_x86_64) supports shared libraries
configure:13990: result: yes
configure:14131: checking dynamic linker characteristics
configure:14810: result: GNU/Linux ld.so
configure:14863: checking how to hardcode library paths into programs
configure:14888: result: immediate
configure:15004: checking for pkg-config
configure:15022: found /usr/bin/pkg-config
configure:15034: result: /usr/bin/pkg-config
configure:15059: checking pkg-config is at least version 0.9.0
configure:15062: result: yes
configure:15072: checking for OGRE
configure:15079: $PKG_CONFIG --exists --print-errors "OGRE >= 1.2"
configure:15082: $? = 0
configure:15096: $PKG_CONFIG --exists --print-errors "OGRE >= 1.2"
configure:15099: $? = 0
configure:15157: result: yes
configure:15166: checking for OIS
configure:15173: $PKG_CONFIG --exists --print-errors "OIS >= 1.0"
configure:15176: $? = 0
configure:15190: $PKG_CONFIG --exists --print-errors "OIS >= 1.0"
configure:15193: $? = 0
configure:15251: result: yes
configure:15260: checking for bullet
configure:15267: $PKG_CONFIG --exists --print-errors "bullet >= 2.79"
configure:15270: $? = 0
configure:15284: $PKG_CONFIG --exists --print-errors "bullet >= 2.79"
configure:15287: $? = 0
configure:15345: result: yes
configure:15354: checking for sdl
configure:15361: $PKG_CONFIG --exists --print-errors "sdl >= 1.2"
configure:15364: $? = 0
configure:15378: $PKG_CONFIG --exists --print-errors "sdl >= 1.2"
configure:15381: $? = 0
configure:15439: result: yes
configure:15587: creating ./config.status

## ---------------------- ##
## Running config.status. ##
## ---------------------- ##

This file was extended by config.status, which was
generated by GNU Autoconf 2.68.  Invocation command line was

  CONFIG_FILES    = 
  CONFIG_HEADERS  = 
  CONFIG_LINKS    = 
  CONFIG_COMMANDS = 
  $ ./config.status 

on undead-elbow-macaroni

config.status:1168: creating Makefile
config.status:1168: creating config.h
config.status:1349: config.h is unchanged
config.status:1397: executing depfiles commands
config.status:1397: executing libtool commands

## ---------------- ##
## Cache variables. ##
## ---------------- ##

ac_cv_build=x86_64-unknown-linux-gnu
ac_cv_c_compiler_gnu=yes
ac_cv_cxx_compiler_gnu=yes
ac_cv_env_CCC_set=
ac_cv_env_CCC_value=
ac_cv_env_CC_set=
ac_cv_env_CC_value=
ac_cv_env_CFLAGS_set=
ac_cv_env_CFLAGS_value=
ac_cv_env_CPPFLAGS_set=
ac_cv_env_CPPFLAGS_value=
ac_cv_env_CPP_set=
ac_cv_env_CPP_value=
ac_cv_env_CXXCPP_set=
ac_cv_env_CXXCPP_value=
ac_cv_env_CXXFLAGS_set=
ac_cv_env_CXXFLAGS_value=
ac_cv_env_CXX_set=
ac_cv_env_CXX_value=
ac_cv_env_LDFLAGS_set=
ac_cv_env_LDFLAGS_value=
ac_cv_env_LIBS_set=
ac_cv_env_LIBS_value=
ac_cv_env_OGRE_CFLAGS_set=
ac_cv_env_OGRE_CFLAGS_value=
ac_cv_env_OGRE_LIBS_set=
ac_cv_env_OGRE_LIBS_value=
ac_cv_env_OIS_CFLAGS_set=
ac_cv_env_OIS_CFLAGS_value=
ac_cv_env_OIS_LIBS_set=
ac_cv_env_OIS_LIBS_value=
ac_cv_env_PKG_CONFIG_LIBDIR_set=
ac_cv_env_PKG_CONFIG_LIBDIR_value=
ac_cv_env_PKG_CONFIG_PATH_set=
ac_cv_env_PKG_CONFIG_PATH_value=
ac_cv_env_PKG_CONFIG_set=
ac_cv_env_PKG_CONFIG_value=
ac_cv_env_build_alias_set=
ac_cv_env_build_alias_value=
ac_cv_env_bullet_CFLAGS_set=
ac_cv_env_bullet_CFLAGS_value=
ac_cv_env_bullet_LIBS_set=
ac_cv_env_bullet_LIBS_value=
ac_cv_env_host_alias_set=
ac_cv_env_host_alias_value=
ac_cv_env_sdl_CFLAGS_set=
ac_cv_env_sdl_CFLAGS_value=
ac_cv_env_sdl_LIBS_set=
ac_cv_env_sdl_LIBS_value=
ac_cv_env_target_alias_set=
ac_cv_env_target_alias_value=
ac_cv_header_dlfcn_h=yes
ac_cv_header_inttypes_h=yes
ac_cv_header_memory_h=yes
ac_cv_header_stdc=yes
ac_cv_header_stdint_h=yes
ac_cv_header_stdlib_h=yes
ac_cv_header_string_h=yes
ac_cv_header_strings_h=yes
ac_cv_header_sys_stat_h=yes
ac_cv_header_sys_types_h=yes
ac_cv_header_unistd_h=yes
ac_cv_host=x86_64-unknown-linux-gnu
ac_cv_objext=o
ac_cv_path_EGREP='/bin/grep -E'
ac_cv_path_FGREP='/bin/grep -F'
ac_cv_path_GREP=/bin/grep
ac_cv_path_SED=/bin/sed
ac_cv_path_ac_pt_PKG_CONFIG=/usr/bin/pkg-config
ac_cv_path_install='/usr/bin/install -c'
ac_cv_path_mkdir=/bin/mkdir
ac_cv_prog_AWK=gawk
ac_cv_prog_CPP='gcc -E'
ac_cv_prog_CXXCPP='g++ -E'
ac_cv_prog_ac_ct_AR=ar
ac_cv_prog_ac_ct_CC=gcc
ac_cv_prog_ac_ct_CXX=g++
ac_cv_prog_ac_ct_MANIFEST_TOOL=mt
ac_cv_prog_ac_ct_OBJDUMP=objdump
ac_cv_prog_ac_ct_RANLIB=ranlib
ac_cv_prog_ac_ct_STRIP=strip
ac_cv_prog_cc_c89=
ac_cv_prog_cc_g=yes
ac_cv_prog_cxx_g=yes
ac_cv_prog_make_make_set=yes
am_cv_CC_dependencies_compiler_type=gcc3
am_cv_CXX_dependencies_compiler_type=gcc3
lt_cv_ar_at_file=@
lt_cv_archive_cmds_need_lc=no
lt_cv_deplibs_check_method=pass_all
lt_cv_file_magic_cmd='$MAGIC_CMD'
lt_cv_file_magic_test_file=
lt_cv_ld_reload_flag=-r
lt_cv_nm_interface='BSD nm'
lt_cv_objdir=.libs
lt_cv_path_LD=/usr/bin/ld
lt_cv_path_LDCXX='/usr/bin/ld -m elf_x86_64'
lt_cv_path_NM='/usr/bin/nm -B'
lt_cv_path_mainfest_tool=no
lt_cv_prog_compiler_c_o=yes
lt_cv_prog_compiler_c_o_CXX=yes
lt_cv_prog_compiler_pic='-fPIC -DPIC'
lt_cv_prog_compiler_pic_CXX='-fPIC -DPIC'
lt_cv_prog_compiler_pic_works=yes
lt_cv_prog_compiler_pic_works_CXX=yes
lt_cv_prog_compiler_rtti_exceptions=no
lt_cv_prog_compiler_static_works=yes
lt_cv_prog_compiler_static_works_CXX=yes
lt_cv_prog_gnu_ld=yes
lt_cv_prog_gnu_ldcxx=yes
lt_cv_sharedlib_from_linklib_cmd='printf %s\n'
lt_cv_shlibpath_overrides_runpath=no
lt_cv_sys_global_symbol_pipe='sed -n -e '\''s/^.*[	 ]\([ABCDGIRSTW][ABCDGIRSTW]*\)[	 ][	 ]*\([_A-Za-z][_A-Za-z0-9]*\)$/\1 \2 \2/p'\'' | sed '\''/ __gnu_lto/d'\'''
lt_cv_sys_global_symbol_to_c_name_address='sed -n -e '\''s/^: \([^ ]*\)[ ]*$/  {\"\1\", (void *) 0},/p'\'' -e '\''s/^[ABCDGIRSTW]* \([^ ]*\) \([^ ]*\)$/  {"\2", (void *) \&\2},/p'\'''
lt_cv_sys_global_symbol_to_c_name_address_lib_prefix='sed -n -e '\''s/^: \([^ ]*\)[ ]*$/  {\"\1\", (void *) 0},/p'\'' -e '\''s/^[ABCDGIRSTW]* \([^ ]*\) \(lib[^ ]*\)$/  {"\2", (void *) \&\2},/p'\'' -e '\''s/^[ABCDGIRSTW]* \([^ ]*\) \([^ ]*\)$/  {"lib\2", (void *) \&\2},/p'\'''
lt_cv_sys_global_symbol_to_cdecl='sed -n -e '\''s/^T .* \(.*\)$/extern int \1();/p'\'' -e '\''s/^[ABCDGIRSTW]* .* \(.*\)$/extern char \1;/p'\'''
lt_cv_sys_max_cmd_len=1572864
lt_cv_to_host_file_cmd=func_convert_file_noop
lt_cv_to_tool_file_cmd=func_convert_file_noop
pkg_cv_OGRE_CFLAGS='-pthread -I/usr/include/OGRE  '
pkg_cv_OGRE_LIBS='-lOgreMain -lpthread  '
pkg_cv_OIS_CFLAGS='-I/usr/include/OIS  '
pkg_cv_OIS_LIBS='-lOIS  '
pkg_cv_bullet_CFLAGS='-I/usr/local/include/bullet  '
pkg_cv_bullet_LIBS='-L/usr/local/lib -lBulletSoftBody -lBulletDynamics -lBulletCollision -lLinearMath  '
pkg_cv_sdl_CFLAGS='-D_GNU_SOURCE=1 -D_REENTRANT -I/usr/include/SDL  '
pkg_cv_sdl_LIBS='-lSDL  '

## ----------------- ##
## Output variables. ##
## ----------------- ##

ACLOCAL='${SHELL} /v/filer4b/v38q001/wrj322/CS354R/assignment2/Rasinki/Rasinki/missing --run aclocal-1.11'
AMDEPBACKSLASH='\'
AMDEP_FALSE='#'
AMDEP_TRUE=''
AMTAR='$${TAR-tar}'
AR='ar'
AUTOCONF='${SHELL} /v/filer4b/v38q001/wrj322/CS354R/assignment2/Rasinki/Rasinki/missing --run autoconf'
AUTOHEADER='${SHELL} /v/filer4b/v38q001/wrj322/CS354R/assignment2/Rasinki/Rasinki/missing --run autoheader'
AUTOMAKE='${SHELL} /v/filer4b/v38q001/wrj322/CS354R/assignment2/Rasinki/Rasinki/missing --run automake-1.11'
AWK='gawk'
BULLET_CFLAGS=''
BULLET_LIBS=''
CC='gcc'
CCDEPMODE='depmode=gcc3'
CFLAGS='-g -O2'
CPP='gcc -E'
CPPFLAGS=''
CXX='g++'
CXXCPP='g++ -E'
CXXDEPMODE='depmode=gcc3'
CXXFLAGS='-g -O2'
CYGPATH_W='echo'
DEFS='-DHAVE_CONFIG_H'
DEPDIR='.deps'
DLLTOOL='false'
DSYMUTIL=''
DUMPBIN=''
ECHO_C=''
ECHO_N='-n'
ECHO_T=''
EGREP='/bin/grep -E'
EXEEXT=''
FGREP='/bin/grep -F'
GREP='/bin/grep'
INSTALL_DATA='${INSTALL} -m 644'
INSTALL_PROGRAM='${INSTALL}'
INSTALL_SCRIPT='${INSTALL}'
INSTALL_STRIP_PROGRAM='$(install_sh) -c -s'
LD='/usr/bin/ld -m elf_x86_64'
LDFLAGS=''
LIBOBJS=''
LIBS=''
LIBTOOL='$(SHELL) $(top_builddir)/libtool'
LIPO=''
LN_S='ln -s'
LTLIBOBJS=''
MAKEINFO='${SHELL} /v/filer4b/v38q001/wrj322/CS354R/assignment2/Rasinki/Rasinki/missing --run makeinfo'
MANIFEST_TOOL=':'
MKDIR_P='/bin/mkdir -p'
NM='/usr/bin/nm -B'
NMEDIT=''
OBJDUMP='objdump'
OBJEXT='o'
OGRE_CFLAGS='-pthread -I/usr/include/OGRE  '
OGRE_LIBS='-lOgreMain -lpthread  '
OIS_CFLAGS='-I/usr/include/OIS  '
OIS_LIBS='-lOIS  '
OTOOL64=''
OTOOL=''
PACKAGE='SampleApp'
PACKAGE_BUGREPORT=''
PACKAGE_NAME=''
PACKAGE_STRING=''
PACKAGE_TARNAME=''
PACKAGE_URL=''
PACKAGE_VERSION=''
PATH_SEPARATOR=':'
PKG_CONFIG='/usr/bin/pkg-config'
PKG_CONFIG_LIBDIR=''
PKG_CONFIG_PATH=''
RANLIB='ranlib'
SDLMIXER_CFLAGS='-I/usr/include/SDL -D_GNU_SOURCE=1 -D_REENTRANT'
SDLMIXER_LIBS='-L/usr/lib/x86_64-linux-gnu -lSDL -lSDL_mixer'
SDL_CFLAGS=''
SDL_LIBS=''
SED='/bin/sed'
SET_MAKE=''
SHELL='/bin/bash'
STRIP='strip'
VERSION='0.1'
ac_ct_AR='ar'
ac_ct_CC='gcc'
ac_ct_CXX='g++'
ac_ct_DUMPBIN=''
am__EXEEXT_FALSE=''
am__EXEEXT_TRUE='#'
am__fastdepCC_FALSE='#'
am__fastdepCC_TRUE=''
am__fastdepCXX_FALSE='#'
am__fastdepCXX_TRUE=''
am__include='include'
am__isrc=''
am__leading_dot='.'
am__nodep='_no'
am__quote=''
am__tar='$${TAR-tar} chof - "$$tardir"'
am__untar='$${TAR-tar} xf -'
bindir='${exec_prefix}/bin'
build='x86_64-unknown-linux-gnu'
build_alias=''
build_cpu='x86_64'
build_os='linux-gnu'
build_vendor='unknown'
bullet_CFLAGS='-I/usr/local/include/bullet  '
bullet_LIBS='-L/usr/local/lib -lBulletSoftBody -lBulletDynamics -lBulletCollision -lLinearMath  '
datadir='${datarootdir}'
datarootdir='${prefix}/share'
docdir='${datarootdir}/doc/${PACKAGE}'
dvidir='${docdir}'
exec_prefix='${prefix}'
host='x86_64-unknown-linux-gnu'
host_alias=''
host_cpu='x86_64'
host_os='linux-gnu'
host_vendor='unknown'
htmldir='${docdir}'
includedir='${prefix}/include'
infodir='${datarootdir}/info'
install_sh='${SHELL} /v/filer4b/v38q001/wrj322/CS354R/assignment2/Rasinki/Rasinki/install-sh'
libdir='${exec_prefix}/lib'
libexecdir='${exec_prefix}/libexec'
localedir='${datarootdir}/locale'
localstatedir='${prefix}/var'
mandir='${datarootdir}/man'
mkdir_p='/bin/mkdir -p'
oldincludedir='/usr/include'
pdfdir='${docdir}'
prefix='/usr/local'
program_transform_name='s,x,x,'
psdir='${docdir}'
sbindir='${exec_prefix}/sbin'
sdl_CFLAGS='-D_GNU_SOURCE=1 -D_REENTRANT -I/usr/include/SDL  '
sdl_LIBS='-lSDL  '
sharedstatedir='${prefix}/com'
sysconfdir='${prefix}/etc'
target_alias=''

## ----------- ##
## confdefs.h. ##
## ----------- ##

/* confdefs.h */
#define PACKAGE_NAME ""
#define PACKAGE_TARNAME ""
#define PACKAGE_VERSION ""
#define PACKAGE_STRING ""
#define PACKAGE_BUGREPORT ""
#define PACKAGE_URL ""
#define PACKAGE "SampleApp"
#define VERSION "0.1"
#define STDC_HEADERS 1
#define HAVE_SYS_TYPES_H 1
#define HAVE_SYS_STAT_H 1
#define HAVE_STDLIB_H 1
#define HAVE_STRING_H 1
#define HAVE_MEMORY_H 1
#define HAVE_STRINGS_H 1
#define HAVE_INTTYPES_H 1
#define HAVE_STDINT_H 1
#define HAVE_UNISTD_H 1
#define HAVE_DLFCN_H 1
#define LT_OBJDIR ".libs/"

configure: exit 0
