17:46:15: Creating resource group General
17:46:15: Creating resource group Internal
17:46:15: Creating resource group Autodetect
17:46:15: SceneManagerFactory for type 'DefaultSceneManager' registered.
17:46:15: Registering ResourceManager for type Material
17:46:15: Registering ResourceManager for type Mesh
17:46:15: Registering ResourceManager for type Skeleton
17:46:15: MovableObjectFactory for type 'ParticleSystem' registered.
17:46:15: OverlayElementFactory for type Panel registered.
17:46:15: OverlayElementFactory for type BorderPanel registered.
17:46:15: OverlayElementFactory for type TextArea registered.
17:46:15: Registering ResourceManager for type Font
17:46:15: ArchiveFactory for archive type FileSystem registered.
17:46:15: ArchiveFactory for archive type Zip registered.
17:46:15: DDS codec registering
17:46:15: FreeImage version: 3.15.1
17:46:15: This program uses FreeImage, a free, open source image library supporting all common bitmap formats. See http://freeimage.sourceforge.net for details
17:46:15: Supported formats: bmp,ico,jpg,jif,jpeg,jpe,jng,koa,iff,lbm,mng,pbm,pbm,pcd,pcx,pgm,pgm,png,ppm,ppm,ras,tga,targa,tif,tiff,wap,wbmp,wbm,psd,cut,xbm,xpm,gif,hdr,g3,sgi,exr,j2k,j2c,jp2,pfm,pct,pict,pic,3fr,arw,bay,bmq,cap,cine,cr2,crw,cs1,dc2,dcr,drf,dsc,dng,erf,fff,ia,iiq,k25,kc2,kdc,mdc,mef,mos,mrw,nef,nrw,orf,pef,ptx,pxn,qtk,raf,raw,rdc,rw2,rwl,rwz,sr2,srf,sti
17:46:15: Registering ResourceManager for type HighLevelGpuProgram
17:46:15: Registering ResourceManager for type Compositor
17:46:15: MovableObjectFactory for type 'Entity' registered.
17:46:15: MovableObjectFactory for type 'Light' registered.
17:46:15: MovableObjectFactory for type 'BillboardSet' registered.
17:46:15: MovableObjectFactory for type 'ManualObject' registered.
17:46:15: MovableObjectFactory for type 'BillboardChain' registered.
17:46:15: MovableObjectFactory for type 'RibbonTrail' registered.
17:46:16: Loading library /usr/lib/x86_64-linux-gnu/OGRE-1.7.4/RenderSystem_GL
17:46:16: Installing plugin: GL RenderSystem
17:46:16: OpenGL Rendering Subsystem created.
17:46:16: Plugin successfully installed
17:46:16: Loading library /usr/lib/x86_64-linux-gnu/OGRE-1.7.4/Plugin_ParticleFX
17:46:16: Installing plugin: ParticleFX
17:46:16: Particle Emitter Type 'Point' registered
17:46:16: Particle Emitter Type 'Box' registered
17:46:16: Particle Emitter Type 'Ellipsoid' registered
17:46:16: Particle Emitter Type 'Cylinder' registered
17:46:16: Particle Emitter Type 'Ring' registered
17:46:16: Particle Emitter Type 'HollowEllipsoid' registered
17:46:16: Particle Affector Type 'LinearForce' registered
17:46:16: Particle Affector Type 'ColourFader' registered
17:46:16: Particle Affector Type 'ColourFader2' registered
17:46:16: Particle Affector Type 'ColourImage' registered
17:46:16: Particle Affector Type 'ColourInterpolator' registered
17:46:16: Particle Affector Type 'Scaler' registered
17:46:16: Particle Affector Type 'Rotator' registered
17:46:16: Particle Affector Type 'DirectionRandomiser' registered
17:46:16: Particle Affector Type 'DeflectorPlane' registered
17:46:16: Plugin successfully installed
17:46:16: Loading library /usr/lib/x86_64-linux-gnu/OGRE-1.7.4/Plugin_BSPSceneManager
17:46:16: Installing plugin: BSP Scene Manager
17:46:16: Plugin successfully installed
17:46:16: Loading library /usr/lib/x86_64-linux-gnu/OGRE-1.7.4/Plugin_PCZSceneManager
17:46:16: Installing plugin: Portal Connected Zone Scene Manager
17:46:16: PCZone Factory Type 'ZoneType_Default' registered
17:46:16: Plugin successfully installed
17:46:16: Loading library /usr/lib/x86_64-linux-gnu/OGRE-1.7.4/Plugin_OctreeZone
17:46:16: Installing plugin: Octree Zone Factory
17:46:16: Plugin successfully installed
17:46:16: Loading library /usr/lib/x86_64-linux-gnu/OGRE-1.7.4/Plugin_OctreeSceneManager
17:46:16: Installing plugin: Octree & Terrain Scene Manager
17:46:16: Plugin successfully installed
17:46:16: *-*-* OGRE Initialising
17:46:16: *-*-* Version 1.7.4 (Cthugha)
17:46:16: Creating resource group Essential
17:46:16: Added resource location './media/packs/SdkTrays.zip' of type 'Zip' to resource group 'Essential'
17:46:16: Creating resource group Fonts
17:46:16: Added resource location '/usr/local/share/CEGUI/fonts' of type 'FileSystem' to resource group 'Fonts'
17:46:16: Added resource location './media' of type 'FileSystem' to resource group 'General'
17:46:16: Added resource location './media/materials/scripts' of type 'FileSystem' to resource group 'General'
17:46:16: Added resource location './media/materials/textures' of type 'FileSystem' to resource group 'General'
17:46:16: Added resource location './media/materials/programs' of type 'FileSystem' to resource group 'General'
17:46:16: Added resource location './media/models' of type 'FileSystem' to resource group 'General'
17:46:16: Creating resource group Imagesets
17:46:16: Added resource location '/usr/local/share/CEGUI/imagesets' of type 'FileSystem' to resource group 'Imagesets'
17:46:16: Creating resource group Layouts
17:46:16: Added resource location '/usr/local/share/CEGUI/layouts' of type 'FileSystem' to resource group 'Layouts'
17:46:16: Creating resource group LookNFeel
17:46:16: Added resource location '/usr/local/share/CEGUI/looknfeel' of type 'FileSystem' to resource group 'LookNFeel'
17:46:16: Creating resource group Schemes
17:46:16: Added resource location '/usr/local/share/CEGUI/schemes' of type 'FileSystem' to resource group 'Schemes'
17:46:16: Creating resource group XmlSchemas
17:46:16: Added resource location '/lusr/opt/cegui-0.7.6/share/CEGUI/xml_schemas' of type 'FileSystem' to resource group 'XmlSchemas'
17:46:17: *-*-* OGRE Shutdown
17:46:17: Unregistering ResourceManager for type Compositor
17:46:17: Unregistering ResourceManager for type Font
17:46:17: Unregistering ResourceManager for type Skeleton
17:46:17: Unregistering ResourceManager for type Mesh
17:46:17: Unregistering ResourceManager for type HighLevelGpuProgram
17:46:17: Uninstalling plugin: Octree & Terrain Scene Manager
17:46:17: Plugin successfully uninstalled
17:46:17: Unloading library /usr/lib/x86_64-linux-gnu/OGRE-1.7.4/Plugin_OctreeSceneManager
17:46:17: Uninstalling plugin: Octree Zone Factory
17:46:17: Plugin successfully uninstalled
17:46:17: Unloading library /usr/lib/x86_64-linux-gnu/OGRE-1.7.4/Plugin_OctreeZone
17:46:17: Uninstalling plugin: Portal Connected Zone Scene Manager
17:46:17: Plugin successfully uninstalled
17:46:17: Unloading library /usr/lib/x86_64-linux-gnu/OGRE-1.7.4/Plugin_PCZSceneManager
17:46:17: Uninstalling plugin: BSP Scene Manager
17:46:17: Plugin successfully uninstalled
17:46:17: Unloading library /usr/lib/x86_64-linux-gnu/OGRE-1.7.4/Plugin_BSPSceneManager
17:46:17: Uninstalling plugin: ParticleFX
17:46:17: Plugin successfully uninstalled
17:46:17: Unloading library /usr/lib/x86_64-linux-gnu/OGRE-1.7.4/Plugin_ParticleFX
17:46:17: Uninstalling plugin: GL RenderSystem
17:46:17: ******************************
*** Stopping GLX Subsystem ***
******************************
17:46:17: Plugin successfully uninstalled
17:46:17: Unloading library /usr/lib/x86_64-linux-gnu/OGRE-1.7.4/RenderSystem_GL
17:46:17: Unregistering ResourceManager for type Material
