16:27:01: Creating resource group General
16:27:01: Creating resource group Internal
16:27:01: Creating resource group Autodetect
16:27:01: Registering ResourceManager for type Mesh
16:27:01: Registering ResourceManager for type Material
16:27:01: Registering ResourceManager for type Skeleton
16:27:01: XMLMeshSerializer reading mesh data from turret_2_1.mesh.xml...
16:27:01: Reading geometry...
16:27:01: Geometry done...
16:27:01: Reading submeshes...
16:27:01: Submeshes done.
16:27:01: Reading mesh names...
16:27:01: Mesh names done.
16:27:01: XMLMeshSerializer import successful.
16:27:01: Reorganising vertex buffers to automatic layout..
16:27:01: MeshSerializer writing mesh data to ../turret_02.mesh...
16:27:01: File header written.
16:27:01: Writing mesh data...
16:27:01: Writing submesh...
16:27:01: Exporting submesh texture aliases...
16:27:01: Submesh texture aliases exported.
16:27:01: Submesh exported.
16:27:01: Exporting bounds information....
16:27:01: Bounds information exported.
16:27:01: Exporting submesh name table...
16:27:01: Submesh name table exported.
16:27:01: Exporting edge lists...
16:27:01: Edge lists exported
16:27:01: Mesh data exported.
16:27:01: MeshSerializer export successful.
16:27:01: Unregistering ResourceManager for type Skeleton
16:27:01: Unregistering ResourceManager for type Material
16:27:01: Unregistering ResourceManager for type Mesh
